2021-10-20 22:31:54 [Twitter Stream consumer /  [1][Receiving stream]] INFO  twitter4j.TwitterStreamImpl - Stream closed.
2021-10-20 22:31:54 [Twitter Stream consumer /  [1][Receiving stream]] INFO  twitter4j.TwitterStreamImpl - Stream closed.
2021-10-20 22:31:54 [Twitter Stream consumer /  [1][Receiving stream]] INFO  twitter4j.TwitterStreamImpl - Waiting for 250 milliseconds
2021-10-20 22:31:54 [Twitter Stream consumer /  [1][Waiting for 250 milliseconds]] INFO  twitter4j.TwitterStreamImpl - Establishing connection.
2021-10-20 22:31:54 [Twitter Stream consumer /  [1][Establishing connection]] INFO  twitter4j.TwitterStreamImpl - stream.twitter.com
2021-10-20 22:31:54 [Twitter Stream consumer /  [1][Establishing connection]] INFO  twitter4j.TwitterStreamImpl - Waiting for 500 milliseconds
2021-10-20 22:31:55 [Twitter Stream consumer /  [1][Waiting for 500 milliseconds]] INFO  twitter4j.TwitterStreamImpl - Establishing connection.
2021-10-20 22:31:55 [Twitter Stream consumer /  [1][Establishing connection]] INFO  twitter4j.TwitterStreamImpl - stream.twitter.com
2021-10-20 22:31:55 [Twitter Stream consumer /  [1][Establishing connection]] INFO  twitter4j.TwitterStreamImpl - Waiting for 1000 milliseconds
2021-10-20 22:31:56 [Twitter Stream consumer /  [1][Waiting for 1000 milliseconds]] INFO  twitter4j.TwitterStreamImpl - Establishing connection.
2021-10-20 22:31:56 [Twitter Stream consumer /  [1][Establishing connection]] INFO  twitter4j.TwitterStreamImpl - stream.twitter.com
2021-10-20 22:31:56 [Twitter Stream consumer /  [1][Establishing connection]] INFO  twitter4j.TwitterStreamImpl - Waiting for 2000 milliseconds
2021-10-20 22:31:58 [Twitter Stream consumer /  [1][Waiting for 2000 milliseconds]] INFO  twitter4j.TwitterStreamImpl - Establishing connection.
2021-10-20 22:31:58 [Twitter Stream consumer /  [1][Establishing connection]] INFO  twitter4j.TwitterStreamImpl - stream.twitter.com
2021-10-20 22:31:58 [Twitter Stream consumer /  [1][Establishing connection]] INFO  twitter4j.TwitterStreamImpl - Waiting for 4000 milliseconds
2021-10-20 22:32:02 [Twitter Stream consumer /  [1][Waiting for 4000 milliseconds]] INFO  twitter4j.TwitterStreamImpl - Establishing connection.
2021-10-20 22:32:02 [Twitter Stream consumer /  [1][Establishing connection]] INFO  twitter4j.TwitterStreamImpl - stream.twitter.com
2021-10-20 22:32:02 [Twitter Stream consumer /  [1][Establishing connection]] INFO  twitter4j.TwitterStreamImpl - Waiting for 8000 milliseconds
2021-10-20 22:32:10 [Twitter Stream consumer /  [1][Waiting for 8000 milliseconds]] INFO  twitter4j.TwitterStreamImpl - Establishing connection.
2021-10-20 22:32:20 [Twitter Stream consumer /  [1][Establishing connection]] INFO  twitter4j.TwitterStreamImpl - Connection established.
2021-10-20 22:32:20 [Twitter Stream consumer /  [1][Establishing connection]] INFO  twitter4j.TwitterStreamImpl - Receiving status stream.
2021-10-20 22:32:20 [Twitter4J Async Dispatcher[0]] INFO  c.m.d.t.t.k.s.l.TwitterKafkaStatusListener - Twitter status with text RT @cubano4freedom: En menos de 24h han expulsado de su centro laboral a 2 profesionales, por el solo hecho de pensar diferente y querer un…
2021-10-20 22:32:23 [Twitter4J Async Dispatcher[0]] INFO  c.m.d.t.t.k.s.l.TwitterKafkaStatusListener - Twitter status with text RT @abdala_cuba: Es imposible que un artista esté en La Bienal de La Habana sabiendo que la dictadura amordaza, persigue y encierra a los a…
2021-10-20 22:32:47 [Twitter4J Async Dispatcher[0]] INFO  c.m.d.t.t.k.s.l.TwitterKafkaStatusListener - Twitter status with text RT @FITNESSWILL20: Fernando Vazquez Guerra miembro de la #UNPACU en Camaguey Cuba acaba de ser detenido y llevado al cuartel de la segurida…
2021-10-20 22:32:47 [Twitter4J Async Dispatcher[0]] INFO  c.m.d.t.t.k.s.l.TwitterKafkaStatusListener - Twitter status with text RT @CubaLiborio: Vaya potencia médica que tenemos en #Cuba que ni licuadoras para sus pacientes. 🤦🏻‍♂️ 
#AbajoLaDictadura #SOSCuba @GHNorde…
2021-10-20 22:32:52 [Twitter4J Async Dispatcher[0]] INFO  c.m.d.t.t.k.s.l.TwitterKafkaStatusListener - Twitter status with text RT @FITNESSWILL20: Dr .Manuel Guerra , acaba de recibir una citación de la Fiscalía Provincial en Holguín para mañana 21 de octubre. Fue se…
2021-10-20 22:32:54 [Twitter4J Async Dispatcher[0]] INFO  c.m.d.t.t.k.s.l.TwitterKafkaStatusListener - Twitter status with text RT @grisel8204: Primero lo expulsan al DrManuel y luego lo citan .. sin explicar el motivo... EN CUBA NO SE PUEDE PENSAR DIFERENTE .... #SO…
2021-10-20 22:33:06 [Twitter4J Async Dispatcher[0]] INFO  c.m.d.t.t.k.s.l.TwitterKafkaStatusListener - Twitter status with text RT @dqba: No esperes la marcha del #15NovCuba ACTÚA HOY  la dictadura asesina De Castro-@DiazCanelB  es nuestro objetivo. La libertad y pro…
2021-10-20 22:33:12 [Twitter4J Async Dispatcher[0]] INFO  c.m.d.t.t.k.s.l.TwitterKafkaStatusListener - Twitter status with text RT @Kmikc90: #EnCubaHayUnaDictadura pura y dura #AbajoElComunismo #AbajoElPCC @ONU_es @parlamentoUE @mbachelet @CIDH @ONU_derechos @antonio…
2021-10-20 22:33:19 [Twitter4J Async Dispatcher[0]] INFO  c.m.d.t.t.k.s.l.TwitterKafkaStatusListener - Twitter status with text Debemos ver quienes son las dos fiscales holguineras que citaron a @Dr_ManuelG93 .Hacerles saber que todo tiene consecuencias. Ellas son  Dania Borras Santiesteban y Nadieska  Núñez Gumila  #YoQuieroUnCambio #EnCubaHayUnaDictadura #EnCubaHayPresosPoliticos #SOSCuba #PatriayVida
2021-10-20 22:34:23 [Twitter4J Async Dispatcher[0]] INFO  c.m.d.t.t.k.s.l.TwitterKafkaStatusListener - Twitter status with text RT @abdala_cuba: La dictadura se apresta a reprimir violentamente al pueblo el #15N
Me acaban de decir que en las universidades están hacie…
2021-10-20 22:34:40 [Twitter4J Async Dispatcher[0]] INFO  c.m.d.t.t.k.s.l.TwitterKafkaStatusListener - Twitter status with text RT @CubaLiborio: ¿Alguien sabe que fue de la vida de la cámara que pusieron frente a la casa de @LMOAlcantara en San Isidro? 
#AbajoLaDicta…
2021-10-20 22:34:54 [Twitter4J Async Dispatcher[0]] INFO  c.m.d.t.t.k.s.l.TwitterKafkaStatusListener - Twitter status with text RT @FITNESSWILL20: Fernando Vazquez Guerra miembro de la #UNPACU en Camaguey Cuba acaba de ser detenido y llevado al cuartel de la segurida…
2021-10-20 22:35:01 [Twitter4J Async Dispatcher[0]] INFO  c.m.d.t.t.k.s.l.TwitterKafkaStatusListener - Twitter status with text RT @ilianahcuba: La Patria es Cuba, el comunismo es una ideología extranjera que ha invadido el país, hay que expulsarla, los que se acogen…
2021-10-20 22:35:07 [Twitter4J Async Dispatcher[0]] INFO  c.m.d.t.t.k.s.l.TwitterKafkaStatusListener - Twitter status with text RT @ilianahcuba: La Patria es Cuba, el comunismo es una ideología extranjera que ha invadido el país, hay que expulsarla, los que se acogen…
2021-10-20 22:35:16 [Twitter4J Async Dispatcher[0]] INFO  c.m.d.t.t.k.s.l.TwitterKafkaStatusListener - Twitter status with text RT @RoannyLL: El comunismo envenenó el suelo fértil de la isla de #Cuba, en dictadura no florecen sueños de un futuro feliz, se precisa de…
2021-10-20 22:35:34 [Twitter4J Async Dispatcher[0]] INFO  c.m.d.t.t.k.s.l.TwitterKafkaStatusListener - Twitter status with text RT @cubano4freedom: En menos de 24h han expulsado de su centro laboral a 2 profesionales, por el solo hecho de pensar diferente y querer un…
2021-10-20 22:35:50 [Twitter4J Async Dispatcher[0]] INFO  c.m.d.t.t.k.s.l.TwitterKafkaStatusListener - Twitter status with text RT @cubano4freedom: En menos de 24h han expulsado de su centro laboral a 2 profesionales, por el solo hecho de pensar diferente y querer un…
2021-10-20 22:35:51 [Twitter4J Async Dispatcher[0]] INFO  c.m.d.t.t.k.s.l.TwitterKafkaStatusListener - Twitter status with text RT @FITNESSWILL20: Dr .Manuel Guerra , acaba de recibir una citación de la Fiscalía Provincial en Holguín para mañana 21 de octubre. Fue se…
2021-10-20 22:35:54 [Twitter4J Async Dispatcher[0]] INFO  c.m.d.t.t.k.s.l.TwitterKafkaStatusListener - Twitter status with text RT @ilianahcuba: La Patria es Cuba, el comunismo es una ideología extranjera que ha invadido el país, hay que expulsarla, los que se acogen…
2021-10-20 22:35:56 [Twitter4J Async Dispatcher[0]] INFO  c.m.d.t.t.k.s.l.TwitterKafkaStatusListener - Twitter status with text RT @yuyileal333: Buenos días, mi gente mambisa! Espero que estén bien! Fuerza! Estamos juntos por la Patria! #PatriaYVida
2021-10-20 22:36:04 [Twitter4J Async Dispatcher[0]] INFO  c.m.d.t.t.k.s.l.TwitterKafkaStatusListener - Twitter status with text RT @mjorgec1994: ⚠️⚠️Acaban de expulsar al doctor Manuel Guerra de su centro de trabajo... es el segundo profesional expulsado en menos de…
2021-10-20 22:36:23 [Twitter4J Async Dispatcher[0]] INFO  c.m.d.t.t.k.s.l.TwitterKafkaStatusListener - Twitter status with text RT @SanPablo1959: #15NCuba

#TodosSomosArchipielago

#PatriaYVida, Grammy Si

Sigan a @rafrsr https://t.co/K0GSuFN5WE
2021-10-20 22:36:38 [Twitter4J Async Dispatcher[0]] INFO  c.m.d.t.t.k.s.l.TwitterKafkaStatusListener - Twitter status with text RT @cubano4freedom: En menos de 24h han expulsado de su centro laboral a 2 profesionales, por el solo hecho de pensar diferente y querer un…
2021-10-20 22:36:41 [Twitter4J Async Dispatcher[0]] INFO  c.m.d.t.t.k.s.l.TwitterKafkaStatusListener - Twitter status with text RT @luis_yerly: Este chivato del CDR y de las brigadas de respuesta rápida nos ha hecho actos de repudio ha varios activistas en Las Tunas!…
2021-10-20 22:36:42 [Twitter4J Async Dispatcher[0]] INFO  c.m.d.t.t.k.s.l.TwitterKafkaStatusListener - Twitter status with text RT @QvanoSoy: Que poco argumento tienen los comunistas 🤦🏻‍♂️, le pones una verdad como templo que ni ellos pueden evadir y ¡ SAS !, Vas blo…
2021-10-20 22:36:58 [Twitter4J Async Dispatcher[0]] INFO  c.m.d.t.t.k.s.l.TwitterKafkaStatusListener - Twitter status with text RT @JuanCle23251290: Debemos ver quienes son las dos fiscales holguineras que citaron a @Dr_ManuelG93 .Hacerles saber que todo tiene consec…
2021-10-20 22:37:47 [Twitter4J Async Dispatcher[0]] INFO  c.m.d.t.t.k.s.l.TwitterKafkaStatusListener - Twitter status with text RT @dqba: No esperes la marcha del #15NovCuba ACTÚA HOY  la dictadura asesina De Castro-@DiazCanelB  es nuestro objetivo. La libertad y pro…
2021-10-20 22:37:50 [Twitter4J Async Dispatcher[0]] INFO  c.m.d.t.t.k.s.l.TwitterKafkaStatusListener - Twitter status with text RT @FITNESSWILL20: Dr .Manuel Guerra , acaba de recibir una citación de la Fiscalía Provincial en Holguín para mañana 21 de octubre. Fue se…
2021-10-20 22:38:30 [Twitter4J Async Dispatcher[0]] INFO  c.m.d.t.t.k.s.l.TwitterKafkaStatusListener - Twitter status with text RT @cubano4freedom: En menos de 24h han expulsado de su centro laboral a 2 profesionales, por el solo hecho de pensar diferente y querer un…
2021-10-20 22:38:39 [Twitter4J Async Dispatcher[0]] INFO  c.m.d.t.t.k.s.l.TwitterKafkaStatusListener - Twitter status with text RT @ilianahcuba: La Patria es Cuba, el comunismo es una ideología extranjera que ha invadido el país, hay que expulsarla, los que se acogen…
2021-10-20 22:39:00 [Twitter4J Async Dispatcher[0]] INFO  c.m.d.t.t.k.s.l.TwitterKafkaStatusListener - Twitter status with text RT @RoannyLL: El comunismo envenenó el suelo fértil de la isla de #Cuba, en dictadura no florecen sueños de un futuro feliz, se precisa de…
2021-10-20 22:39:16 [Twitter4J Async Dispatcher[0]] INFO  c.m.d.t.t.k.s.l.TwitterKafkaStatusListener - Twitter status with text RT @AnaRamo70233909: Muchos medios anunciaron #PatriaYVida como la canción ke incomodó al régimen cubano. Pero la realidad es ke lo desquic…
2021-10-20 22:39:21 [Twitter4J Async Dispatcher[0]] INFO  c.m.d.t.t.k.s.l.TwitterKafkaStatusListener - Twitter status with text RT @abdala_cuba: Es imposible que un artista esté en La Bienal de La Habana sabiendo que la dictadura amordaza, persigue y encierra a los a…
2021-10-20 22:39:23 [Twitter4J Async Dispatcher[0]] INFO  c.m.d.t.t.k.s.l.TwitterKafkaStatusListener - Twitter status with text RT @RoannyLL: El comunismo envenenó el suelo fértil de la isla de #Cuba, en dictadura no florecen sueños de un futuro feliz, se precisa de…
2021-10-20 22:39:29 [Twitter4J Async Dispatcher[0]] INFO  c.m.d.t.t.k.s.l.TwitterKafkaStatusListener - Twitter status with text RT @TheCodice: @CubaLiborio @GHNordelo5 ¿De dónde coño los #CDRCuba sacan dinero para donar licuadoras? #PatriayVida #ACubaponleLibertad
2021-10-20 22:39:47 [Twitter4J Async Dispatcher[0]] INFO  c.m.d.t.t.k.s.l.TwitterKafkaStatusListener - Twitter status with text RT @CubaLiborio: Vaya potencia médica que tenemos en #Cuba que ni licuadoras para sus pacientes. 🤦🏻‍♂️ 
#AbajoLaDictadura #SOSCuba @GHNorde…
2021-10-20 22:39:47 [Twitter4J Async Dispatcher[0]] INFO  c.m.d.t.t.k.s.l.TwitterKafkaStatusListener - Twitter status with text RT @grisel8204: Primero lo expulsan al DrManuel y luego lo citan .. sin explicar el motivo... EN CUBA NO SE PUEDE PENSAR DIFERENTE .... #SO…
2021-10-20 22:39:56 [Twitter4J Async Dispatcher[0]] INFO  c.m.d.t.t.k.s.l.TwitterKafkaStatusListener - Twitter status with text RT @Alexanva: #15NovCuba 
#AbajoLaDictaduraCastrista 
#SOSCuba 
#PatriaYVida https://t.co/jGi1wHTYdN
2021-10-20 22:40:02 [Twitter4J Async Dispatcher[0]] INFO  c.m.d.t.t.k.s.l.TwitterKafkaStatusListener - Twitter status with text RT @mjorgec1994: ⚠️⚠️Acaban de expulsar al doctor Manuel Guerra de su centro de trabajo... es el segundo profesional expulsado en menos de…
2021-10-20 22:40:26 [Twitter4J Async Dispatcher[0]] INFO  c.m.d.t.t.k.s.l.TwitterKafkaStatusListener - Twitter status with text RT @DanielitoTriana: La expulsión del @Dr_ManuelG93 de su centro de trabajo es escandalosa. En Cuba rige un estado de APARTHEID POLÍTICO no…
2021-10-20 22:40:49 [Twitter4J Async Dispatcher[0]] INFO  c.m.d.t.t.k.s.l.TwitterKafkaStatusListener - Twitter status with text RT @SarayGUribe82: Libertad para Marlon David Batista, y para todos los presos políticos en Cuba! El #15NCuba salgamos a marchar por el cam…
2021-10-20 22:40:59 [Twitter4J Async Dispatcher[0]] INFO  c.m.d.t.t.k.s.l.TwitterKafkaStatusListener - Twitter status with text RT @RoannyLL: El comunismo envenenó el suelo fértil de la isla de #Cuba, en dictadura no florecen sueños de un futuro feliz, se precisa de…
2021-10-20 22:41:20 [Twitter4J Async Dispatcher[0]] INFO  c.m.d.t.t.k.s.l.TwitterKafkaStatusListener - Twitter status with text RT @SarayGUribe82: Libertad para Nadir Martin Perdomo. Padre de familia, amante del fútbol. Salió a manifestarse pacíficamente por las call…
2021-10-20 22:41:32 [Twitter4J Async Dispatcher[0]] INFO  c.m.d.t.t.k.s.l.TwitterKafkaStatusListener - Twitter status with text RT @DisleidyConcep1: @Elprofe99938765 @MayraDo57466678 @PCC_Cuba @mbachelet @Pontifex_es @JosepBorrellF @CNNEE @nytimeses @dw_espanol @ABC…
2021-10-20 22:41:37 [Twitter4J Async Dispatcher[0]] INFO  c.m.d.t.t.k.s.l.TwitterKafkaStatusListener - Twitter status with text RT @RONINY28: La doctrina del terror en Cuba va a terminar por dejarnos una sola salida. Mientras más presión ejerzan sobre la sociedad civ…
2021-10-20 22:41:41 [Twitter4J Async Dispatcher[0]] INFO  c.m.d.t.t.k.s.l.TwitterKafkaStatusListener - Twitter status with text RT @SarayGUribe82: Hoy los niños celebran sus cumpleaños sin sus padres. Por qué? Porque una dictadura así lo decidió. Y los hijos de los d…
2021-10-20 22:41:42 [Twitter4J Async Dispatcher[0]] INFO  c.m.d.t.t.k.s.l.TwitterKafkaStatusListener - Twitter status with text RT @Libertad12021: Estoy tan cansada del comunismo. Esta semana an despedido a dos profecionales de su puesto. Un profesor y un doctor. Est…
2021-10-20 22:41:52 [Twitter4J Async Dispatcher[0]] INFO  c.m.d.t.t.k.s.l.TwitterKafkaStatusListener - Twitter status with text RT @JuanCle23251290: Debemos ver quienes son las dos fiscales holguineras que citaron a @Dr_ManuelG93 .Hacerles saber que todo tiene consec…
2021-10-20 22:42:10 [Twitter4J Async Dispatcher[0]] INFO  c.m.d.t.t.k.s.l.TwitterKafkaStatusListener - Twitter status with text RT @dqba: No esperes la marcha del #15NovCuba ACTÚA HOY  la dictadura asesina De Castro-@DiazCanelB  es nuestro objetivo. La libertad y pro…
2021-10-20 22:42:15 [Twitter4J Async Dispatcher[0]] INFO  c.m.d.t.t.k.s.l.TwitterKafkaStatusListener - Twitter status with text RT @PedroPe46145034: @TwiterCuba @ElAngelMemero @AngelMemer0 @FCuajoPlus @memetroll20 @Memero_Daniel @LTalandraca @DanielPrzRm @MEMELLO13 @…
2021-10-20 22:42:28 [Twitter4J Async Dispatcher[0]] INFO  c.m.d.t.t.k.s.l.TwitterKafkaStatusListener - Twitter status with text RT @71cubanita1: #15NCuba 
CADA VEZ TENEMOS MAS RAZONES PARA TUMBAR A LA DICTADURA
#AbajoElComunismo
2021-10-20 22:42:32 [Twitter4J Async Dispatcher[0]] INFO  c.m.d.t.t.k.s.l.TwitterKafkaStatusListener - Twitter status with text RT @liberencuba: #15NovCuba yò estoy lista para marchar el 15 de Noviembre por la libertad de mi Cuba y tù? #todosomosarchipielago #CubaEsU…
2021-10-20 22:43:02 [Twitter4J Async Dispatcher[0]] INFO  c.m.d.t.t.k.s.l.TwitterKafkaStatusListener - Twitter status with text Atención!!! #SOSCuba #EnCubaHayUnaDictadura #EnCubaHayPresosPoliticos #YoQuieroUnCambio #UnidosPorCubaLibre #15NCuba #ACubaPonleLibertad
2021-10-20 22:43:26 [Twitter4J Async Dispatcher[0]] INFO  c.m.d.t.t.k.s.l.TwitterKafkaStatusListener - Twitter status with text RT @dqba: No esperes la marcha del #15NovCuba ACTÚA HOY  la dictadura asesina De Castro-@DiazCanelB  es nuestro objetivo. La libertad y pro…
2021-10-20 22:43:32 [Twitter4J Async Dispatcher[0]] INFO  c.m.d.t.t.k.s.l.TwitterKafkaStatusListener - Twitter status with text RT @ilianahcuba: En plena calle 23, Vedado, la decadencia de los 500 años de La Habana, ya 502 este próximo noviembre #QueFulaEsLaContinuid…
2021-10-20 22:43:34 [Twitter4J Async Dispatcher[0]] INFO  c.m.d.t.t.k.s.l.TwitterKafkaStatusListener - Twitter status with text RT @FITNESSWILL20: Dr .Manuel Guerra , acaba de recibir una citación de la Fiscalía Provincial en Holguín para mañana 21 de octubre. Fue se…
2021-10-20 22:43:37 [Twitter4J Async Dispatcher[0]] INFO  c.m.d.t.t.k.s.l.TwitterKafkaStatusListener - Twitter status with text RT @yoandrisunpacu: EL 15 Noviembre todos a las calle pedir el fin de la dictadura asesina del puesto a dedo Díaz-Canel #PatriaYVida  #SOSC…
2021-10-20 22:43:54 [Twitter4J Async Dispatcher[0]] INFO  c.m.d.t.t.k.s.l.TwitterKafkaStatusListener - Twitter status with text RT @SarayGUribe82: Libertad para Marlon David Batista, y para todos los presos políticos en Cuba! El #15NCuba salgamos a marchar por el cam…
2021-10-20 22:44:20 [Twitter4J Async Dispatcher[0]] INFO  c.m.d.t.t.k.s.l.TwitterKafkaStatusListener - Twitter status with text RT @mjorgec1994: ⚠️⚠️Acaban de expulsar al doctor Manuel Guerra de su centro de trabajo... es el segundo profesional expulsado en menos de…
2021-10-20 22:44:21 [Twitter4J Async Dispatcher[0]] INFO  c.m.d.t.t.k.s.l.TwitterKafkaStatusListener - Twitter status with text @wrr2 @LuisMorlote @AbelPrieto11 @UNEAC_online @JGomezTriana @YanetCabreraB @RosyAmaro_CVI @AriDeCuba @CVInternacional @CubaCultura @CasAmericas ¡Waldo arrastra'o! #AbajoLaDictadura
2021-10-20 22:44:32 [Twitter4J Async Dispatcher[0]] INFO  c.m.d.t.t.k.s.l.TwitterKafkaStatusListener - Twitter status with text RT @cubangirlj: #EnCubaHayUnaDictadura
2021-10-20 22:44:36 [Twitter4J Async Dispatcher[0]] INFO  c.m.d.t.t.k.s.l.TwitterKafkaStatusListener - Twitter status with text @TwiterCuba Deja que sigan fajados entre los durakitos y la rochelle 😅😅😅 Tu cuenta es la mejor 🇨🇺🇨🇺🇨🇺👍🏻👍🏻👍🏻
#PatriaYVida #15NCuba #SOSCuba
2021-10-20 22:44:37 [Twitter4J Async Dispatcher[0]] INFO  c.m.d.t.t.k.s.l.TwitterKafkaStatusListener - Twitter status with text RT @DanielitoTriana: La expulsión del @Dr_ManuelG93 de su centro de trabajo es escandalosa. En Cuba rige un estado de APARTHEID POLÍTICO no…
2021-10-20 22:44:45 [Twitter4J Async Dispatcher[0]] INFO  c.m.d.t.t.k.s.l.TwitterKafkaStatusListener - Twitter status with text Esta gente necesita ayuda… ellos solos y desarmados, no pueden enfrentar la tiranía que los golpea, somete, encierra y desaparece. El mundo no puede seguir mirando a otra parte.
2021-10-20 22:45:05 [Twitter4J Async Dispatcher[0]] INFO  c.m.d.t.t.k.s.l.TwitterKafkaStatusListener - Twitter status with text RT @alesanzal65: Mira @cubamartiana, el @CubaMINREX  tiene un equipo d #DDHH 😳
Imagino q sea para monitorear las violaciones en #USA🇺🇸, #Ch…
2021-10-20 22:45:08 [Twitter4J Async Dispatcher[0]] INFO  c.m.d.t.t.k.s.l.TwitterKafkaStatusListener - Twitter status with text Hoy tuve que oír a una amiga llorar porque tuvo q acostar a su hija sin darle su vaso de leche......No puedo más....sin humor,sin frase pseudo inteligente..#15NCuba ,#PatriaYVida #PatriayLibertad
2021-10-20 22:45:23 [Twitter4J Async Dispatcher[0]] INFO  c.m.d.t.t.k.s.l.TwitterKafkaStatusListener - Twitter status with text RT @ArmandoDguezGle: #15NovCuba #15Nov https://t.co/BiCRFLQj8o
2021-10-20 22:45:45 [Twitter4J Async Dispatcher[0]] INFO  c.m.d.t.t.k.s.l.TwitterKafkaStatusListener - Twitter status with text RT @CubaLiborio: Mira @fernandorojas_6 para que lo incluyas en la serie: 
"Nuestros Artistas". 
👉 Emilio Frias (El Niño) 
#AbajoLaDictadura…
2021-10-20 22:45:45 [Twitter4J Async Dispatcher[0]] INFO  c.m.d.t.t.k.s.l.TwitterKafkaStatusListener - Twitter status with text RT @Kmikc90: #EnCubaHayUnaDictadura pura y dura #AbajoElComunismo #AbajoElPCC @ONU_es @parlamentoUE @mbachelet @CIDH @ONU_derechos @antonio…
2021-10-20 22:45:45 [Twitter4J Async Dispatcher[0]] INFO  c.m.d.t.t.k.s.l.TwitterKafkaStatusListener - Twitter status with text RT @SarayGUribe82: Libertad para Marlon David Batista, y para todos los presos políticos en Cuba! El #15NCuba salgamos a marchar por el cam…
2021-10-20 22:46:08 [Twitter4J Async Dispatcher[0]] INFO  c.m.d.t.t.k.s.l.TwitterKafkaStatusListener - Twitter status with text RT @FITNESSWILL20: Dr .Manuel Guerra , acaba de recibir una citación de la Fiscalía Provincial en Holguín para mañana 21 de octubre. Fue se…
2021-10-20 22:46:14 [Twitter4J Async Dispatcher[0]] INFO  c.m.d.t.t.k.s.l.TwitterKafkaStatusListener - Twitter status with text @whatdafaqshow no vengas a Cuba, o si lo haces ven el mismo #15NovCuba para que cubras la marcha cívica, te esperamos #Mox
¿Por qué no hac s un programa sobre lo que pasa en #Cuba?
#LibertadParaElPuebloDeCuba
2021-10-20 22:46:26 [Twitter4J Async Dispatcher[0]] INFO  c.m.d.t.t.k.s.l.TwitterKafkaStatusListener - Twitter status with text RT @TheCodice: @JessHRivas1 @AhiPoeta Estuvo peor en otras épocas y la juventud logró el cambio. No será diferente esta vez, ya Cuba desper…
2021-10-20 22:46:32 [Twitter4J Async Dispatcher[0]] INFO  c.m.d.t.t.k.s.l.TwitterKafkaStatusListener - Twitter status with text RT @abdala_cuba: Es imposible que un artista esté en La Bienal de La Habana sabiendo que la dictadura amordaza, persigue y encierra a los a…
2021-10-20 22:46:38 [Twitter4J Async Dispatcher[0]] INFO  c.m.d.t.t.k.s.l.TwitterKafkaStatusListener - Twitter status with text RT @SarayGUribe82: Libertad para Marlon David Batista, y para todos los presos políticos en Cuba! El #15NCuba salgamos a marchar por el cam…
2021-10-20 22:46:43 [Twitter4J Async Dispatcher[0]] INFO  c.m.d.t.t.k.s.l.TwitterKafkaStatusListener - Twitter status with text @pagina_siete @ArceZaconeta HAGA LO QUE HAGA NO PODRA BORRAR EL FRAUDE #CUBA #PatriaYVida BOLIVIA ESTA EN CONTRA DEL COMUNISMO..!! #CubaLibreYSoberana https://t.co/gJ4dZOateO
2021-10-20 22:47:05 [Twitter4J Async Dispatcher[0]] INFO  c.m.d.t.t.k.s.l.TwitterKafkaStatusListener - Twitter status with text RT @GHNordelo5: Una consigna de #Fidel que caló tan hondo, que hasta algunos fidelistas arrepentidos todavía la repiten. #PatriaYVida #Cuba…
2021-10-20 22:47:13 [Twitter4J Async Dispatcher[0]] INFO  c.m.d.t.t.k.s.l.TwitterKafkaStatusListener - Twitter status with text Aquí tenemos una de las fiscales que entrevistará a @Dr_ManuelG93 Por pensar diferente y querer #PatriayVida Su nombre Nadieska Núñez Gumila de Patria o Muerte . Será una entrevista para discutir de política supongo no? https://t.co/tCzS38sfZ4
2021-10-20 22:47:15 [Twitter4J Async Dispatcher[0]] INFO  c.m.d.t.t.k.s.l.TwitterKafkaStatusListener - Twitter status with text RT @SarayGUribe82: Libertad para Marlon David Batista, y para todos los presos políticos en Cuba! El #15NCuba salgamos a marchar por el cam…
2021-10-20 22:47:20 [Twitter4J Async Dispatcher[0]] INFO  c.m.d.t.t.k.s.l.TwitterKafkaStatusListener - Twitter status with text RT @SarayGUribe82: Libertad para Marlon David Batista, y para todos los presos políticos en Cuba! El #15NCuba salgamos a marchar por el cam…
2021-10-20 22:47:23 [Twitter4J Async Dispatcher[0]] INFO  c.m.d.t.t.k.s.l.TwitterKafkaStatusListener - Twitter status with text RT @CubaLiborio: Mira @fernandorojas_6 para que lo incluyas en la serie: 
"Nuestros Artistas". 
👉 Emilio Frias (El Niño) 
#AbajoLaDictadura…
2021-10-20 22:47:46 [Twitter4J Async Dispatcher[0]] INFO  c.m.d.t.t.k.s.l.TwitterKafkaStatusListener - Twitter status with text RT @CubaLiborio: Mira @fernandorojas_6 para que lo incluyas en la serie: 
"Nuestros Artistas". 
👉 Emilio Frias (El Niño) 
#AbajoLaDictadura…
2021-10-20 22:47:55 [Twitter4J Async Dispatcher[0]] INFO  c.m.d.t.t.k.s.l.TwitterKafkaStatusListener - Twitter status with text RT @ilianahcuba: El periodista #EstebanRodriguez se declara en huelga de hambre exigiendo que se haga justicia con su caso, más de 5 meses…
2021-10-20 22:48:20 [Twitter4J Async Dispatcher[0]] INFO  c.m.d.t.t.k.s.l.TwitterKafkaStatusListener - Twitter status with text RT @SarayGUribe82: Libertad para Marlon David Batista, y para todos los presos políticos en Cuba! El #15NCuba salgamos a marchar por el cam…
2021-10-20 22:48:35 [Twitter4J Async Dispatcher[0]] INFO  c.m.d.t.t.k.s.l.TwitterKafkaStatusListener - Twitter status with text RT @71cubanita1: #15NCuba 
CADA VEZ TENEMOS MAS RAZONES PARA TUMBAR A LA DICTADURA
#AbajoElComunismo
2021-10-20 22:48:40 [Twitter4J Async Dispatcher[0]] INFO  c.m.d.t.t.k.s.l.TwitterKafkaStatusListener - Twitter status with text RT @hpesito_: @UKinCuba @CubaMINREX https://t.co/xRTSVOciZp aki tienes tus derechos
2021-10-20 22:48:49 [Twitter4J Async Dispatcher[0]] INFO  c.m.d.t.t.k.s.l.TwitterKafkaStatusListener - Twitter status with text @Arestop @CubaLiborio @GHNordelo5 Yo puse las fotos de las que encontré en casa. Me faltan como tres más que no las veo. Que miserables son estos comunistas 
#ComunismoEsMiseria 
#PatriaYVida
2021-10-20 22:49:32 [Twitter4J Async Dispatcher[0]] INFO  c.m.d.t.t.k.s.l.TwitterKafkaStatusListener - Twitter status with text RT @FITNESSWILL20: Fernando Vazquez Guerra miembro de la #UNPACU en Camaguey Cuba acaba de ser detenido y llevado al cuartel de la segurida…
2021-10-20 22:49:54 [Twitter4J Async Dispatcher[0]] INFO  c.m.d.t.t.k.s.l.TwitterKafkaStatusListener - Twitter status with text RT @RoannyLL: El comunismo envenenó el suelo fértil de la isla de #Cuba, en dictadura no florecen sueños de un futuro feliz, se precisa de…
2021-10-20 22:50:00 [Twitter4J Async Dispatcher[0]] INFO  c.m.d.t.t.k.s.l.TwitterKafkaStatusListener - Twitter status with text RT @SarayGUribe82: Libertad para Marlon David Batista, y para todos los presos políticos en Cuba! El #15NCuba salgamos a marchar por el cam…
2021-10-20 22:50:06 [Twitter4J Async Dispatcher[0]] INFO  c.m.d.t.t.k.s.l.TwitterKafkaStatusListener - Twitter status with text RT @SarayGUribe82: Libertad para Marlon David Batista, y para todos los presos políticos en Cuba! El #15NCuba salgamos a marchar por el cam…
2021-10-20 22:50:07 [Twitter4J Async Dispatcher[0]] INFO  c.m.d.t.t.k.s.l.TwitterKafkaStatusListener - Twitter status with text RT @YandyPDCuba: El pais no está para darse ese lujo. 😡🤦🏻‍♂️
2021-10-20 22:50:28 [Twitter4J Async Dispatcher[0]] INFO  c.m.d.t.t.k.s.l.TwitterKafkaStatusListener - Twitter status with text RT @dqba: No esperes la marcha del #15NovCuba ACTÚA HOY  la dictadura asesina De Castro-@DiazCanelB  es nuestro objetivo. La libertad y pro…
2021-10-20 22:50:33 [Twitter4J Async Dispatcher[0]] INFO  c.m.d.t.t.k.s.l.TwitterKafkaStatusListener - Twitter status with text RT @grisel8204: Primero lo expulsan al DrManuel y luego lo citan .. sin explicar el motivo... EN CUBA NO SE PUEDE PENSAR DIFERENTE .... #SO…
2021-10-20 22:50:35 [Twitter4J Async Dispatcher[0]] INFO  c.m.d.t.t.k.s.l.TwitterKafkaStatusListener - Twitter status with text @ReinaldoEchev11 @JuantonioFdez Gentuza.
#AbajoLaDictadura
#PatriaYVida
2021-10-20 22:51:27 [Twitter4J Async Dispatcher[0]] INFO  c.m.d.t.t.k.s.l.TwitterKafkaStatusListener - Twitter status with text RT @ilianahcuba: El periodista #EstebanRodriguez se declara en huelga de hambre exigiendo que se haga justicia con su caso, más de 5 meses…
2021-10-20 22:51:40 [Twitter4J Async Dispatcher[0]] INFO  c.m.d.t.t.k.s.l.TwitterKafkaStatusListener - Twitter status with text @PabliVsFakeNews @Soocky85 @norges14 @SwedeninCU @NLinCuba @ILGAWORLD @USEmbCuba @WHAAsstSecty @embAntony @UKinCuba La de pagar por los crimenes que cometen. Tanto paga el que mata la vaca como el que le sujeta las patas 
#AbajoElComunismo 
#AbajoLaDictaduraCastrista 
#PatriaYVida 
#LosViejosNoSueñan
#ElFuturoEsDeLosJovenes
2021-10-20 22:52:04 [Twitter4J Async Dispatcher[0]] INFO  c.m.d.t.t.k.s.l.TwitterKafkaStatusListener - Twitter status with text RT @SarayGUribe82: Libertad para Marlon David Batista, y para todos los presos políticos en Cuba! El #15NCuba salgamos a marchar por el cam…
2021-10-20 22:52:11 [Twitter4J Async Dispatcher[0]] INFO  c.m.d.t.t.k.s.l.TwitterKafkaStatusListener - Twitter status with text RT @SarayGUribe82: Libertad para Marlon David Batista, y para todos los presos políticos en Cuba! El #15NCuba salgamos a marchar por el cam…
2021-10-20 22:52:16 [Twitter4J Async Dispatcher[0]] INFO  c.m.d.t.t.k.s.l.TwitterKafkaStatusListener - Twitter status with text RT @grisel8204: Primero lo expulsan al DrManuel y luego lo citan .. sin explicar el motivo... EN CUBA NO SE PUEDE PENSAR DIFERENTE .... #SO…
2021-10-20 22:52:45 [Twitter4J Async Dispatcher[0]] INFO  c.m.d.t.t.k.s.l.TwitterKafkaStatusListener - Twitter status with text #VivaCubaLibre #PatriaYVida #15NCuba
2021-10-20 22:52:47 [Twitter4J Async Dispatcher[0]] INFO  c.m.d.t.t.k.s.l.TwitterKafkaStatusListener - Twitter status with text RT @observacuba: A 100 días del crimen: ¿llegará la justicia? No a la impunidad. La vida de un cubano importa. #11J #15NovCuba

(Ver docume…
2021-10-20 22:53:07 [Twitter4J Async Dispatcher[0]] INFO  c.m.d.t.t.k.s.l.TwitterKafkaStatusListener - Twitter status with text RT @RoannyLL: El comunismo envenenó el suelo fértil de la isla de #Cuba, en dictadura no florecen sueños de un futuro feliz, se precisa de…
2021-10-20 22:53:20 [Twitter4J Async Dispatcher[0]] INFO  c.m.d.t.t.k.s.l.TwitterKafkaStatusListener - Twitter status with text RT @grisel8204: Expulsan al @Dr_ManuelG93
De sus funciones en Cuba por pensar diferente y lo citan a fiscalía sin explicar los motivos @OEA…
2021-10-20 22:53:31 [Twitter4J Async Dispatcher[0]] INFO  c.m.d.t.t.k.s.l.TwitterKafkaStatusListener - Twitter status with text RT @mjorgec1994: ⚠️⚠️Acaban de expulsar al doctor Manuel Guerra de su centro de trabajo... es el segundo profesional expulsado en menos de…
2021-10-20 22:54:08 [Twitter4J Async Dispatcher[0]] INFO  c.m.d.t.t.k.s.l.TwitterKafkaStatusListener - Twitter status with text RT @CubaLiborio: Mira @fernandorojas_6 para que lo incluyas en la serie: 
"Nuestros Artistas". 
👉 Emilio Frias (El Niño) 
#AbajoLaDictadura…
2021-10-20 22:54:15 [Twitter4J Async Dispatcher[0]] INFO  c.m.d.t.t.k.s.l.TwitterKafkaStatusListener - Twitter status with text RT @Kmikc90: #EnCubaHayUnaDictadura pura y dura #AbajoElComunismo #AbajoElPCC @ONU_es @parlamentoUE @mbachelet @CIDH @ONU_derechos @antonio…
2021-10-20 22:55:18 [Twitter4J Async Dispatcher[0]] INFO  c.m.d.t.t.k.s.l.TwitterKafkaStatusListener - Twitter status with text RT @Kmikc90: #EnCubaHayUnaDictadura pura y dura #AbajoElComunismo #AbajoElPCC @ONU_es @parlamentoUE @mbachelet @CIDH @ONU_derechos @antonio…
2021-10-20 22:55:25 [Twitter4J Async Dispatcher[0]] INFO  c.m.d.t.t.k.s.l.TwitterKafkaStatusListener - Twitter status with text @mbachelet 
@Almagro_OEA2015 
@ONUMujeres 
@charanzova 
SRA BACHELET ESTAS JOVENES NO LES RECUERDAN SUS TIEMPOS DE ACTIVISMO CONTRA LA DICTADURA DE PINOCHET??
SRA BACHELET RENUNCIE O PONGASE DEL LADO DEL PUEBLO CUBANO
#EnCubaHayUnaDictadura 
#AbajoElComunismo 
#AbajoElPCC 
#15NCu
2021-10-20 22:55:53 [Twitter4J Async Dispatcher[0]] INFO  c.m.d.t.t.k.s.l.TwitterKafkaStatusListener - Twitter status with text RT @CubaLiborio: Mira @fernandorojas_6 para que lo incluyas en la serie: 
"Nuestros Artistas". 
👉 Emilio Frias (El Niño) 
#AbajoLaDictadura…
2021-10-20 22:56:06 [Twitter4J Async Dispatcher[0]] INFO  c.m.d.t.t.k.s.l.TwitterKafkaStatusListener - Twitter status with text Hoy mi hermano Roberto Pérez Fonseca se entero de su sentencia de 10 años. El es un mambí,#SOSCuba #PatriaYVida #LibertadParaLosPresosPoliticos #RobertoPerezFonseca
2021-10-20 22:57:00 [Twitter4J Async Dispatcher[0]] INFO  c.m.d.t.t.k.s.l.TwitterKafkaStatusListener - Twitter status with text @juliosanmartine @IsmaelCuba5 @RosarioPentn1 @RockyCuba @Patriot18708865 @Joven_Comunista @JosueDeCuba @zurdoBo7 @DiazCanelB @PresidenciaCuba @LizAlexa15 @BettyLaRosa12 @BrownSugarNic @FalconCuervo2 @BrendaGlezA1 @YanetDCuba2020 @yordanyhabana @Yarahe91 @MarbeniaS @mbachelet @HumbertoCHernn2 @MilagrosXCuba @Ephj20 @kitty_894 @nellarojasm @LizCubaFenix @AlejandroRojit2 @YuryHdz08 Mucha memoria..#EnCubaHayUnaDictadura https://t.co/AcT0jFqbul
2021-10-20 22:57:05 [Twitter4J Async Dispatcher[0]] INFO  c.m.d.t.t.k.s.l.TwitterKafkaStatusListener - Twitter status with text Luego entonces no tienen dinero para comprar medicinas y alimentos. Hipócritas. #EnCubaHayUnaDictadura
2021-10-20 22:57:09 [Twitter4J Async Dispatcher[0]] INFO  c.m.d.t.t.k.s.l.TwitterKafkaStatusListener - Twitter status with text RT @FITNESSWILL20: Dr .Manuel Guerra , acaba de recibir una citación de la Fiscalía Provincial en Holguín para mañana 21 de octubre. Fue se…
2021-10-20 22:57:11 [Twitter4J Async Dispatcher[0]] INFO  c.m.d.t.t.k.s.l.TwitterKafkaStatusListener - Twitter status with text RT @ilianahcuba: Además del llamado del #15NCuba salen otros llamados a la sociedad civil, del 10 al 20 de octubre se convoca a la Jornada…
2021-10-20 22:57:46 [Twitter4J Async Dispatcher[0]] INFO  c.m.d.t.t.k.s.l.TwitterKafkaStatusListener - Twitter status with text RT @Kmikc90: #EnCubaHayUnaDictadura pura y dura #AbajoElComunismo #AbajoElPCC @ONU_es @parlamentoUE @mbachelet @CIDH @ONU_derechos @antonio…
2021-10-20 22:57:47 [Twitter4J Async Dispatcher[0]] INFO  c.m.d.t.t.k.s.l.TwitterKafkaStatusListener - Twitter status with text RT @CubaLiborio: Vaya potencia médica que tenemos en #Cuba que ni licuadoras para sus pacientes. 🤦🏻‍♂️ 
#AbajoLaDictadura #SOSCuba @GHNorde…
2021-10-20 22:58:03 [Twitter4J Async Dispatcher[0]] INFO  c.m.d.t.t.k.s.l.TwitterKafkaStatusListener - Twitter status with text RT @CubaLiborio: Mira @fernandorojas_6 para que lo incluyas en la serie: 
"Nuestros Artistas". 
👉 Emilio Frias (El Niño) 
#AbajoLaDictadura…
2021-10-20 22:58:15 [Twitter4J Async Dispatcher[0]] INFO  c.m.d.t.t.k.s.l.TwitterKafkaStatusListener - Twitter status with text RT @ArmandoDguezGle: #15NovCuba #15Nov https://t.co/BiCRFLQj8o
2021-10-20 22:58:44 [Twitter4J Async Dispatcher[0]] INFO  c.m.d.t.t.k.s.l.TwitterKafkaStatusListener - Twitter status with text RT @CubaLiborio: Carlos Acosta no se puede extender en la 3ra pregunta por obvias razones que todos conocemos.  👇👇👇 🤦🏻‍♂️
#AbajoLaDictadura…
2021-10-20 22:58:45 [Twitter4J Async Dispatcher[0]] INFO  c.m.d.t.t.k.s.l.TwitterKafkaStatusListener - Twitter status with text RT @CubaLiborio: ¿Alguien sabe que fue de la vida de la cámara que pusieron frente a la casa de @LMOAlcantara en San Isidro? 
#AbajoLaDicta…
2021-10-20 22:58:58 [Twitter4J Async Dispatcher[0]] INFO  c.m.d.t.t.k.s.l.TwitterKafkaStatusListener - Twitter status with text RT @ilianahcuba: La Patria es Cuba, el comunismo es una ideología extranjera que ha invadido el país, hay que expulsarla, los que se acogen…
2021-10-20 22:59:07 [Twitter4J Async Dispatcher[0]] INFO  c.m.d.t.t.k.s.l.TwitterKafkaStatusListener - Twitter status with text RT @mjorgec1994: ⚠️⚠️Acaban de expulsar al doctor Manuel Guerra de su centro de trabajo... es el segundo profesional expulsado en menos de…
2021-10-20 22:59:28 [Twitter4J Async Dispatcher[0]] INFO  c.m.d.t.t.k.s.l.TwitterKafkaStatusListener - Twitter status with text RT @RoannyLL: El comunismo envenenó el suelo fértil de la isla de #Cuba, en dictadura no florecen sueños de un futuro feliz, se precisa de…
2021-10-20 22:59:36 [Twitter4J Async Dispatcher[0]] INFO  c.m.d.t.t.k.s.l.TwitterKafkaStatusListener - Twitter status with text RT @CeibaMambisa: Los militares y las clarias son parte del rebaño maltratado por la dictadura.
Todos juntos podemos hacer una #Cuba mejor.…
2021-10-20 22:59:39 [Twitter4J Async Dispatcher[0]] INFO  c.m.d.t.t.k.s.l.TwitterKafkaStatusListener - Twitter status with text @armando_kalos @Lemos9988 @Dr_ManuelG93 @DavidMtnezEsp Conmigo pueden contar #UnidosPorCubaLibre  #15NovCuba
2021-10-20 22:59:40 [Twitter4J Async Dispatcher[0]] INFO  c.m.d.t.t.k.s.l.TwitterKafkaStatusListener - Twitter status with text RT @grisel8204: Primero lo expulsan al DrManuel y luego lo citan .. sin explicar el motivo... EN CUBA NO SE PUEDE PENSAR DIFERENTE .... #SO…
2021-10-20 23:00:02 [Twitter4J Async Dispatcher[0]] INFO  c.m.d.t.t.k.s.l.TwitterKafkaStatusListener - Twitter status with text RT @SarayGUribe82: Libertad para Nadir Martin Perdomo. Padre de familia, amante del fútbol. Salió a manifestarse pacíficamente por las call…
2021-10-20 23:00:39 [Twitter4J Async Dispatcher[0]] INFO  c.m.d.t.t.k.s.l.TwitterKafkaStatusListener - Twitter status with text RT @CubaLiborio: Mira @fernandorojas_6 para que lo incluyas en la serie: 
"Nuestros Artistas". 
👉 Emilio Frias (El Niño) 
#AbajoLaDictadura…
2021-10-20 23:00:44 [Twitter4J Async Dispatcher[0]] INFO  c.m.d.t.t.k.s.l.TwitterKafkaStatusListener - Twitter status with text RT @FITNESSWILL20: Fernando Vazquez Guerra miembro de la #UNPACU en Camaguey Cuba acaba de ser detenido y llevado al cuartel de la segurida…
2021-10-20 23:00:54 [Twitter4J Async Dispatcher[0]] INFO  c.m.d.t.t.k.s.l.TwitterKafkaStatusListener - Twitter status with text RT @dqba: No esperes la marcha del #15NovCuba ACTÚA HOY  la dictadura asesina De Castro-@DiazCanelB  es nuestro objetivo. La libertad y pro…
2021-10-20 23:01:34 [Twitter4J Async Dispatcher[0]] INFO  c.m.d.t.t.k.s.l.TwitterKafkaStatusListener - Twitter status with text RT @FITNESSWILL20: Dr .Manuel Guerra , acaba de recibir una citación de la Fiscalía Provincial en Holguín para mañana 21 de octubre. Fue se…
2021-10-20 23:01:37 [Twitter4J Async Dispatcher[0]] INFO  c.m.d.t.t.k.s.l.TwitterKafkaStatusListener - Twitter status with text RT @grisel8204: Primero lo expulsan al DrManuel y luego lo citan .. sin explicar el motivo... EN CUBA NO SE PUEDE PENSAR DIFERENTE .... #SO…
2021-10-20 23:01:46 [Twitter4J Async Dispatcher[0]] INFO  c.m.d.t.t.k.s.l.TwitterKafkaStatusListener - Twitter status with text @grisel8204 @DiazCanelB @MINSAPCuba En ningún país un ciudadano acepta una citación sin que le expliquen el motivo.
Ni te pueden detener ni hacerte nada sin darte explicaciones. Cuba es el único país donde no tienes derecho a nada, sólo a obedecer. Es abusivo
#EnCubaHayUnaDictadura
2021-10-20 23:01:56 [Twitter4J Async Dispatcher[0]] INFO  c.m.d.t.t.k.s.l.TwitterKafkaStatusListener - Twitter status with text RT @BettyGuerraPer1: Solo en una dictadura expulsan a un profesional de su puesto de trabajo por no ser leal a los dictadores. Ya basta!…
2021-10-20 23:02:00 [Twitter4J Async Dispatcher[0]] INFO  c.m.d.t.t.k.s.l.TwitterKafkaStatusListener - Twitter status with text RT @joaco537: #EnCubaHayUnaDictadura #EnCubaHayUnaDictadura #LibertadParaLosPresosPoliticos #LibertadParaLosPresosPoliticos #PaLaCalle15N #…
2021-10-20 23:02:03 [Twitter4J Async Dispatcher[0]] INFO  c.m.d.t.t.k.s.l.TwitterKafkaStatusListener - Twitter status with text RT @CubaLiborio: Cuatro estrofas eliminadas del Himno Nacional de #Cuba y aunque parezca increíble, 
@fernandorojas_6
 no tuvo que ver con…
2021-10-20 23:02:53 [Twitter4J Async Dispatcher[0]] INFO  c.m.d.t.t.k.s.l.TwitterKafkaStatusListener - Twitter status with text RT @AutumnByTheSea: No los dejemos solos 🙏 #LibertadParaLosPresosPoliticos #EnCubaHayUnaDictadura #EnCubaHayPresosPoliticos #YoLosQuieroLib…
2021-10-20 23:03:00 [Twitter4J Async Dispatcher[0]] INFO  c.m.d.t.t.k.s.l.TwitterKafkaStatusListener - Twitter status with text RT @RoannyLL: Las cosas de #Twitter 😂✌️💪
@tukmila23 y @misumu89 ❤️🇨🇺
Viva Cuba Libre! 
Abajo el Comunismo!
Abajo la Dictadura!
#EnCubaHayUn…
2021-10-20 23:03:13 [Twitter4J Async Dispatcher[0]] INFO  c.m.d.t.t.k.s.l.TwitterKafkaStatusListener - Twitter status with text RT @CubaLiborio: ¿Alguien sabe que fue de la vida de la cámara que pusieron frente a la casa de @LMOAlcantara en San Isidro? 
#AbajoLaDicta…
2021-10-20 23:03:24 [Twitter4J Async Dispatcher[0]] INFO  c.m.d.t.t.k.s.l.TwitterKafkaStatusListener - Twitter status with text RT @cubano4freedom: En menos de 24h han expulsado de su centro laboral a 2 profesionales, por el solo hecho de pensar diferente y querer un…
2021-10-20 23:03:44 [Twitter4J Async Dispatcher[0]] INFO  c.m.d.t.t.k.s.l.TwitterKafkaStatusListener - Twitter status with text RT @SarayGUribe82: Estas sonrisas fueron arrebatadas, solo por pensar diferente y salir a manifestarse. Y los hijos de los dirigentes de es…
2021-10-20 23:04:01 [Twitter4J Async Dispatcher[0]] INFO  c.m.d.t.t.k.s.l.TwitterKafkaStatusListener - Twitter status with text RT @Frank_I_: Luego entonces no tienen dinero para comprar medicinas y alimentos. Hipócritas. #EnCubaHayUnaDictadura
2021-10-20 23:04:26 [Twitter4J Async Dispatcher[0]] INFO  c.m.d.t.t.k.s.l.TwitterKafkaStatusListener - Twitter status with text RT @CubaLiborio: ¿Alguien sabe que fue de la vida de la cámara que pusieron frente a la casa de @LMOAlcantara en San Isidro? 
#AbajoLaDicta…
2021-10-20 23:04:37 [Twitter4J Async Dispatcher[0]] INFO  c.m.d.t.t.k.s.l.TwitterKafkaStatusListener - Twitter status with text RT @ilianahcuba: La Patria es Cuba, el comunismo es una ideología extranjera que ha invadido el país, hay que expulsarla, los que se acogen…
2021-10-20 23:04:49 [Twitter4J Async Dispatcher[0]] INFO  c.m.d.t.t.k.s.l.TwitterKafkaStatusListener - Twitter status with text RT @SarayGUribe82: Libertad para Marlon David Batista, y para todos los presos políticos en Cuba! El #15NCuba salgamos a marchar por el cam…
